[debug] [2021-04-19T16:27:35.807Z] ----------------------------------------------------------------------
[debug] [2021-04-19T16:27:35.809Z] Command:       C:\Program Files\nodejs\node.exe C:\Users\AWAL RABIU\AppData\Roaming\npm\node_modules\firebase-tools\lib\bin\firebase.js deploy
[debug] [2021-04-19T16:27:35.810Z] CLI Version:   9.9.0
[debug] [2021-04-19T16:27:35.810Z] Platform:      win32
[debug] [2021-04-19T16:27:35.810Z] Node Version:  v15.11.0
[debug] [2021-04-19T16:27:35.811Z] Time:          Mon Apr 19 2021 16:27:35 GMT+0000 (Greenwich Mean Time)
[debug] [2021-04-19T16:27:35.811Z] ----------------------------------------------------------------------
[debug] 
[debug] [2021-04-19T16:27:35.820Z] > command requires scopes: ["email","openid","https://www.googleapis.com/auth/cloudplatformprojects.readonly","https://www.googleapis.com/auth/firebase","https://www.googleapis.com/auth/cloud-platform"]
[debug] [2021-04-19T16:27:35.820Z] > authorizing via signed-in user (awalansarmentor@gmail.com)
[debug] [2021-04-19T16:27:35.820Z] [iam] checking project clone-2033c for permissions ["datastore.indexes.create","datastore.indexes.delete","datastore.indexes.list","datastore.indexes.update","firebase.projects.get","firebasehosting.sites.update"]
[debug] [2021-04-19T16:27:35.824Z] > refreshing access token with scopes: ["email","https://www.googleapis.com/auth/cloud-platform","https://www.googleapis.com/auth/cloudplatformprojects.readonly","https://www.googleapis.com/auth/firebase","openid"]
[debug] [2021-04-19T16:27:35.824Z] >>> HTTP REQUEST POST https://www.googleapis.com/oauth2/v3/token  
 <request body omitted>
[debug] [2021-04-19T16:27:35.868Z] [iam] error while checking permissions, command may fail: FirebaseError: Authentication Error: Your credentials are no longer valid. Please run firebase login --reauth

For CI servers and headless environments, generate a new token with firebase login:ci
[debug] [2021-04-19T16:27:35.870Z] > refreshing access token with scopes: []
[debug] [2021-04-19T16:27:35.870Z] >>> HTTP REQUEST POST https://www.googleapis.com/oauth2/v3/token  
 <request body omitted>
[debug] [2021-04-19T16:27:35.884Z] Authentication Error: Your credentials are no longer valid. Please run firebase login --reauth

For CI servers and headless environments, generate a new token with firebase login:ci
[debug] [2021-04-19T16:27:35.890Z] FirebaseError: Authentication Error: Your credentials are no longer valid. Please run firebase login --reauth

For CI servers and headless environments, generate a new token with firebase login:ci
    at invalidCredentialError (C:\Users\AWAL RABIU\AppData\Roaming\npm\node_modules\firebase-tools\lib\auth.js:141:12)
    at refreshTokens (C:\Users\AWAL RABIU\AppData\Roaming\npm\node_modules\firebase-tools\lib\auth.js:450:15)
    at processTicksAndRejections (node:internal/process/task_queues:94:5)
    at async Client.getAccessToken (C:\Users\AWAL RABIU\AppData\Roaming\npm\node_modules\firebase-tools\lib\apiv2.js:144:23)
    at async Client.addAuthHeader (C:\Users\AWAL RABIU\AppData\Roaming\npm\node_modules\firebase-tools\lib\apiv2.js:135:21)
    at async Client.request (C:\Users\AWAL RABIU\AppData\Roaming\npm\node_modules\firebase-tools\lib\apiv2.js:93:34)
    at async Object.getFirebaseProject (C:\Users\AWAL RABIU\AppData\Roaming\npm\node_modules\firebase-tools\lib\management\projects.js:290:21)
    at async Object.getDefaultHostingSite (C:\Users\AWAL RABIU\AppData\Roaming\npm\node_modules\firebase-tools\lib\getDefaultHostingSite.js:8:21)
    at async requireHostingSite (C:\Users\AWAL RABIU\AppData\Roaming\npm\node_modules\firebase-tools\lib\requireHostingSite.js:9:18)
    at async Object.fn (C:\Users\AWAL RABIU\AppData\Roaming\npm\node_modules\firebase-tools\lib\commands\deploy.js:66:9)
    at async C:\Users\AWAL RABIU\AppData\Roaming\npm\node_modules\firebase-tools\lib\command.js:169:17
[error] 
[error] Error: Failed to get Firebase project clone-2033c. Please make sure the project exists and your account has permission to access it.
